# JRE version: Java(TM) SE Runtime Environment (8.0_51-b16) (build 1.8.0_51-b16)
# Java VM: Java HotSpot(TM) 64-Bit Server VM (25.51-b03 mixed mode windows-amd64 compressed oops)
Heap:
 PSYoungGen      total 178688K, used 16613K [0x0000000780b00000, 0x0000000793c00000, 0x00000007c0000000)
  eden space 164864K, 10% used [0x0000000780b00000,0x0000000781b39798,0x000000078ac00000)
  from space 13824K, 0% used [0x000000078ac00000,0x000000078ac00000,0x000000078b980000)
  to   space 15360K, 0% used [0x0000000792d00000,0x0000000792d00000,0x0000000793c00000)
 ParOldGen       total 115712K, used 17964K [0x0000000702000000, 0x0000000709100000, 0x0000000780b00000)
  object space 115712K, 15% used [0x0000000702000000,0x000000070318b3e8,0x0000000709100000)
 Metaspace       used 36224K, capacity 37298K, committed 37464K, reserved 1087488K
  class space    used 4638K, capacity 4871K, committed 4952K, reserved 1048576K
GC Heap History (10 events):
Event: 5.555 GC heap before
{Heap before GC invocations=5 (full 1):
 PSYoungGen      total 105984K, used 7182K [0x0000000780b00000, 0x0000000787a00000, 0x00000007c0000000)
  eden space 98304K, 0% used [0x0000000780b00000,0x0000000780b00000,0x0000000786b00000)
  from space 7680K, 93% used [0x0000000787280000,0x00000007879838c0,0x0000000787a00000)
  to   space 7680K, 0% used [0x0000000786b00000,0x0000000786b00000,0x0000000787280000)
 ParOldGen       total 130048K, used 40K [0x0000000702000000, 0x0000000709f00000, 0x0000000780b00000)
  object space 130048K, 0% used [0x0000000702000000,0x000000070200a000,0x0000000709f00000)
 Metaspace       used 20539K, capacity 21138K, committed 21248K, reserved 1073152K
  class space    used 2641K, capacity 2797K, committed 2816K, reserved 1048576K
Event: 5.601 GC heap after
Heap after GC invocations=5 (full 1):
 PSYoungGen      total 105984K, used 0K [0x0000000780b00000, 0x0000000787a00000, 0x00000007c0000000)
  eden space 98304K, 0% used [0x0000000780b00000,0x0000000780b00000,0x0000000786b00000)
  from space 7680K, 0% used [0x0000000787280000,0x0000000787280000,0x0000000787a00000)
  to   space 7680K, 0% used [0x0000000786b00000,0x0000000786b00000,0x0000000787280000)
 ParOldGen       total 69632K, used 6940K [0x0000000702000000, 0x0000000706400000, 0x0000000780b00000)
  object space 69632K, 9% used [0x0000000702000000,0x00000007026c72b0,0x0000000706400000)
 Metaspace       used 20539K, capacity 21138K, committed 21248K, reserved 1073152K
  class space    used 2641K, capacity 2797K, committed 2816K, reserved 1048576K
}
Event: 7.262 GC heap before
{Heap before GC invocations=6 (full 1):
 PSYoungGen      total 105984K, used 98259K [0x0000000780b00000, 0x0000000787a00000, 0x00000007c0000000)
  eden space 98304K, 99% used [0x0000000780b00000,0x0000000786af4d00,0x0000000786b00000)
  from space 7680K, 0% used [0x0000000787280000,0x0000000787280000,0x0000000787a00000)
  to   space 7680K, 0% used [0x0000000786b00000,0x0000000786b00000,0x0000000787280000)
 ParOldGen       total 69632K, used 6940K [0x0000000702000000, 0x0000000706400000, 0x0000000780b00000)
  object space 69632K, 9% used [0x0000000702000000,0x00000007026c72b0,0x0000000706400000)
 Metaspace       used 26861K, capacity 27636K, committed 27776K, reserved 1079296K
  class space    used 3470K, capacity 3642K, committed 3712K, reserved 1048576K
Event: 7.278 GC heap after
Heap after GC invocations=6 (full 1):
 PSYoungGen      total 105984K, used 7677K [0x0000000780b00000, 0x000000078c400000, 0x00000007c0000000)
  eden space 98304K, 0% used [0x0000000780b00000,0x0000000780b00000,0x0000000786b00000)
  from space 7680K, 99% used [0x0000000786b00000,0x000000078727f420,0x0000000787280000)
  to   space 10752K, 0% used [0x000000078b980000,0x000000078b980000,0x000000078c400000)
 ParOldGen       total 69632K, used 9790K [0x0000000702000000, 0x0000000706400000, 0x0000000780b00000)
  object space 69632K, 14% used [0x0000000702000000,0x000000070298f8c8,0x0000000706400000)
 Metaspace       used 26861K, capacity 27636K, committed 27776K, reserved 1079296K
  class space    used 3470K, capacity 3642K, committed 3712K, reserved 1048576K
}
Event: 9.346 GC heap before
{Heap before GC invocations=7 (full 1):
 PSYoungGen      total 105984K, used 105981K [0x0000000780b00000, 0x000000078c400000, 0x00000007c0000000)
  eden space 98304K, 100% used [0x0000000780b00000,0x0000000786b00000,0x0000000786b00000)
  from space 7680K, 99% used [0x0000000786b00000,0x000000078727f420,0x0000000787280000)
  to   space 10752K, 0% used [0x000000078b980000,0x000000078b980000,0x000000078c400000)
 ParOldGen       total 69632K, used 9790K [0x0000000702000000, 0x0000000706400000, 0x0000000780b00000)
  object space 69632K, 14% used [0x0000000702000000,0x000000070298f8c8,0x0000000706400000)
 Metaspace       used 31413K, capacity 32404K, committed 32512K, reserved 1083392K
  class space    used 4105K, capacity 4326K, committed 4352K, reserved 1048576K
Event: 9.366 GC heap after
Heap after GC invocations=7 (full 1):
 PSYoungGen      total 175616K, used 10744K [0x0000000780b00000, 0x000000078c700000, 0x00000007c0000000)
  eden space 164864K, 0% used [0x0000000780b00000,0x0000000780b00000,0x000000078ac00000)
  from space 10752K, 99% used [0x000000078b980000,0x000000078c3fe2f0,0x000000078c400000)
  to   space 13824K, 0% used [0x000000078ac00000,0x000000078ac00000,0x000000078b980000)
 ParOldGen       total 69632K, used 12092K [0x0000000702000000, 0x0000000706400000, 0x0000000780b00000)
  object space 69632K, 17% used [0x0000000702000000,0x0000000702bcf170,0x0000000706400000)
 Metaspace       used 31413K, capacity 32404K, committed 32512K, reserved 1083392K
  class space    used 4105K, capacity 4326K, committed 4352K, reserved 1048576K
}
Event: 10.619 GC heap before
{Heap before GC invocations=8 (full 1):
 PSYoungGen      total 175616K, used 59015K [0x0000000780b00000, 0x000000078c700000, 0x00000007c0000000)
  eden space 164864K, 29% used [0x0000000780b00000,0x0000000783a23ab8,0x000000078ac00000)
  from space 10752K, 99% used [0x000000078b980000,0x000000078c3fe2f0,0x000000078c400000)
  to   space 13824K, 0% used [0x000000078ac00000,0x000000078ac00000,0x000000078b980000)
 ParOldGen       total 69632K, used 12092K [0x0000000702000000, 0x0000000706400000, 0x0000000780b00000)
  object space 69632K, 17% used [0x0000000702000000,0x0000000702bcf170,0x0000000706400000)
 Metaspace       used 34234K, capacity 35314K, committed 35416K, reserved 1085440K
  class space    used 4380K, capacity 4615K, committed 4696K, reserved 1048576K
Event: 10.656 GC heap after
Heap after GC invocations=8 (full 1):
 PSYoungGen      total 178688K, used 13209K [0x0000000780b00000, 0x0000000793c00000, 0x00000007c0000000)
  eden space 164864K, 0% used [0x0000000780b00000,0x0000000780b00000,0x000000078ac00000)
  from space 13824K, 95% used [0x000000078ac00000,0x000000078b8e66a0,0x000000078b980000)
  to   space 15360K, 0% used [0x0000000792d00000,0x0000000792d00000,0x0000000793c00000)
 ParOldGen       total 69632K, used 12100K [0x0000000702000000, 0x0000000706400000, 0x0000000780b00000)
  object space 69632K, 17% used [0x0000000702000000,0x0000000702bd1170,0x0000000706400000)
 Metaspace       used 34234K, capacity 35314K, committed 35416K, reserved 1085440K
  class space    used 4380K, capacity 4615K, committed 4696K, reserved 1048576K
}
Event: 10.656 GC heap before
{Heap before GC invocations=9 (full 2):
 PSYoungGen      total 178688K, used 13209K [0x0000000780b00000, 0x0000000793c00000, 0x00000007c0000000)
  eden space 164864K, 0% used [0x0000000780b00000,0x0000000780b00000,0x000000078ac00000)
  from space 13824K, 95% used [0x000000078ac00000,0x000000078b8e66a0,0x000000078b980000)
  to   space 15360K, 0% used [0x0000000792d00000,0x0000000792d00000,0x0000000793c00000)
 ParOldGen       total 69632K, used 12100K [0x0000000702000000, 0x0000000706400000, 0x0000000780b00000)
  object space 69632K, 17% used [0x0000000702000000,0x0000000702bd1170,0x0000000706400000)
 Metaspace       used 34234K, capacity 35314K, committed 35416K, reserved 1085440K
  class space    used 4380K, capacity 4615K, committed 4696K, reserved 1048576K
Event: 10.829 GC heap after
Heap after GC invocations=9 (full 2):
 PSYoungGen      total 178688K, used 0K [0x0000000780b00000, 0x0000000793c00000, 0x00000007c0000000)
  eden space 164864K, 0% used [0x0000000780b00000,0x0000000780b00000,0x000000078ac00000)
  from space 13824K, 0% used [0x000000078ac00000,0x000000078ac00000,0x000000078b980000)
  to   space 15360K, 0% used [0x0000000792d00000,0x0000000792d00000,0x0000000793c00000)
 ParOldGen       total 115712K, used 17964K [0x0000000702000000, 0x0000000709100000, 0x0000000780b00000)
  object space 115712K, 15% used [0x0000000702000000,0x000000070318b3e8,0x0000000709100000)
 Metaspace       used 34234K, capacity 35314K, committed 35416K, reserved 1085440K
  class space    used 4380K, capacity 4615K, committed 4696K, reserved 1048576K
}

